[04-Jul-2026 23:27:23 UTC] PHP Notice:  Function _load_textdomain_just_in_time was called <strong>incorrectly</strong>. Translation loading for the <code>ultimate-addons-for-gutenberg</code> domain was triggered too early. This is usually an indicator for some code in the plugin or theme running too early. Translations should be loaded at the <code>init</code> action or later. Please see <a href="https://developer.wordpress.org/advanced-administration/debug/debug-wordpress/">Debugging in WordPress</a> for more information. (This message was added in version 6.7.0.) in D:\laragon\www\wp-landing\wp-includes\functions.php on line 6170
[04-Jul-2026 23:27:23 UTC] PHP Notice:  Function _load_textdomain_just_in_time was called <strong>incorrectly</strong>. Translation loading for the <code>woocommerce</code> domain was triggered too early. This is usually an indicator for some code in the plugin or theme running too early. Translations should be loaded at the <code>init</code> action or later. Please see <a href="https://developer.wordpress.org/advanced-administration/debug/debug-wordpress/">Debugging in WordPress</a> for more information. (This message was added in version 6.7.0.) in D:\laragon\www\wp-landing\wp-includes\functions.php on line 6170
[04-Jul-2026 23:30:49 UTC] Spectra: CSS/JS generation returned empty for post 12 (type: js). Keeping existing file to prevent 404.
[04-Jul-2026 23:31:25 UTC] Spectra: CSS/JS generation returned empty for post 12 (type: js). Keeping existing file to prevent 404.
[04-Jul-2026 23:32:10 UTC] Spectra: CSS/JS generation returned empty for post 12 (type: js). Keeping existing file to prevent 404.
[04-Jul-2026 23:32:29 UTC] Spectra: CSS/JS generation returned empty for post 8 (type: js). Keeping existing file to prevent 404.
[04-Jul-2026 23:33:19 UTC] Spectra: CSS/JS generation returned empty for post 8 (type: js). Keeping existing file to prevent 404.
[04-Jul-2026 23:33:37 UTC] Spectra: CSS/JS generation returned empty for post 15 (type: js). Keeping existing file to prevent 404.
[04-Jul-2026 23:54:57 UTC] Spectra: CSS/JS generation returned empty for post 12 (type: js). Keeping existing file to prevent 404.
[04-Jul-2026 23:55:24 UTC] Spectra: CSS/JS generation returned empty for post 11 (type: css). Keeping existing file to prevent 404.
[04-Jul-2026 23:55:24 UTC] Spectra: CSS/JS generation returned empty for post 11 (type: js). Keeping existing file to prevent 404.
[04-Jul-2026 23:55:24 UTC] Spectra: CSS/JS generation returned empty for post 6 (type: css). Keeping existing file to prevent 404.
[04-Jul-2026 23:55:24 UTC] Spectra: CSS/JS generation returned empty for post 6 (type: js). Keeping existing file to prevent 404.
[05-Jul-2026 00:08:04 UTC] Spectra: CSS/JS generation returned empty for post 22 (type: js). Keeping existing file to prevent 404.
[05-Jul-2026 00:08:20 UTC] Spectra: CSS/JS generation returned empty for post 27 (type: js). Keeping existing file to prevent 404.
[05-Jul-2026 00:08:38 UTC] Spectra: CSS/JS generation returned empty for post 28 (type: js). Keeping existing file to prevent 404.
[05-Jul-2026 00:08:38 UTC] Spectra: CSS/JS generation returned empty for post 8 (type: css). Keeping existing file to prevent 404.
[05-Jul-2026 00:08:38 UTC] Spectra: CSS/JS generation returned empty for post 8 (type: js). Keeping existing file to prevent 404.
[05-Jul-2026 00:12:37 UTC] Spectra: CSS/JS generation returned empty for post 23 (type: js). Keeping existing file to prevent 404.
[05-Jul-2026 00:13:28 UTC] Spectra: CSS/JS generation returned empty for post 7 (type: js). Keeping existing file to prevent 404.
[05-Jul-2026 00:13:31 UTC] Spectra: CSS/JS generation returned empty for post 12 (type: js). Keeping existing file to prevent 404.
[05-Jul-2026 00:15:26 UTC] Spectra: CSS/JS generation returned empty for post 31 (type: js). Keeping existing file to prevent 404.
[05-Jul-2026 00:15:26 UTC] Spectra: CSS/JS generation returned empty for post 8 (type: css). Keeping existing file to prevent 404.
[05-Jul-2026 00:15:26 UTC] Spectra: CSS/JS generation returned empty for post 8 (type: js). Keeping existing file to prevent 404.
[05-Jul-2026 07:23:11 UTC] Automatic updates starting...
[05-Jul-2026 07:23:13 UTC] Automatic updates complete.
