2026-07-05T00:08:04+00:00 INFO Webhook event: cartflows_step_visited - Step 22 (Type: landing)
2026-07-05T00:08:04+00:00 INFO Webhook dispatch: No webhooks found for event cartflows_step_visited
2026-07-05T00:08:20+00:00 INFO Webhook event: cartflows_step_visited - Step 27 (Type: landing)
2026-07-05T00:08:20+00:00 INFO Webhook dispatch: No webhooks found for event cartflows_step_visited
2026-07-05T00:08:38+00:00 INFO Webhook event: cartflows_step_visited - Step 28 (Type: checkout)
2026-07-05T00:08:38+00:00 INFO Webhook dispatch: No webhooks found for event cartflows_step_visited
2026-07-05T00:08:42+00:00 INFO Webhook event: checkout_initiated - Step 28
2026-07-05T00:08:42+00:00 INFO Webhook dispatch: No webhooks found for event checkout_initiated
2026-07-05T00:11:31+00:00 INFO Webhook event: cartflows_step_visited - Step 22 (Type: landing)
2026-07-05T00:11:31+00:00 INFO Webhook dispatch: No webhooks found for event cartflows_step_visited
2026-07-05T00:12:37+00:00 INFO Webhook event: cartflows_step_visited - Step 23 (Type: checkout)
2026-07-05T00:12:37+00:00 INFO Webhook dispatch: No webhooks found for event cartflows_step_visited
2026-07-05T00:12:41+00:00 INFO Webhook event: checkout_initiated - Step 23
2026-07-05T00:12:41+00:00 INFO Webhook dispatch: No webhooks found for event checkout_initiated
2026-07-05T00:15:26+00:00 INFO Webhook event: cartflows_step_visited - Step 31 (Type: checkout)
2026-07-05T00:15:26+00:00 INFO Webhook dispatch: No webhooks found for event cartflows_step_visited
2026-07-05T00:15:30+00:00 INFO Webhook event: checkout_initiated - Step 31
2026-07-05T00:15:30+00:00 INFO Webhook dispatch: No webhooks found for event checkout_initiated
2026-07-05T07:23:06+00:00 INFO Webhook event: cartflows_step_visited - Step 31 (Type: checkout)
2026-07-05T07:23:06+00:00 INFO Webhook dispatch: No webhooks found for event cartflows_step_visited
2026-07-05T07:23:10+00:00 INFO Webhook event: checkout_initiated - Step 31
2026-07-05T07:23:10+00:00 INFO Webhook dispatch: No webhooks found for event checkout_initiated
